app/build/app/intermediates/manifest_merge_blame_file/release/manifest-merger-blame-release-report.txt
1<?xml version="1.0" encoding="utf-8"?>
2<manifest xmlns:android="http://schemas.android.com/apk/res/android"
3    package="com.example.sound_class"
4    android:versionCode="1"
5    android:versionName="1.0.0" >
6
7    <uses-sdk
8        android:minSdkVersion="24"
9        android:targetSdkVersion="34" />
10
11    <uses-permission android:name="android.permission.RECORD_AUDIO" />
11-->src/main/AndroidManifest.xml:2:5-71
11-->src/main/AndroidManifest.xml:2:22-68
12    <!-- Optional: Add this permission if you want to use bluetooth telephony device like headset/earbuds -->
13    <uses-permission android:name="android.permission.MODIFY_AUDIO_SETTINGS" />
13-->src/main/AndroidManifest.xml:4:5-80
13-->src/main/AndroidManifest.xml:4:22-77
14    <!-- Optional: Add this permission if you want to save your recordings in public folders -->
15    <uses-permission android:name="android.permission.WRITE_EXTERNAL_STORAGE" />
15-->src/main/AndroidManifest.xml:6:5-81
15-->src/main/AndroidManifest.xml:6:22-78
16    <!--
17         Required to query activities that can process text, see:
18         https://developer.android.com/training/package-visibility and
19         https://developer.android.com/reference/android/content/Intent#ACTION_PROCESS_TEXT.
20
21         In particular, this is used by the Flutter engine in io.flutter.plugin.text.ProcessTextPlugin.
22    -->
23    <queries>
23-->src/main/AndroidManifest.xml:44:5-49:15
24        <intent>
24-->src/main/AndroidManifest.xml:45:9-48:18
25            <action android:name="android.intent.action.PROCESS_TEXT" />
25-->src/main/AndroidManifest.xml:46:13-72
25-->src/main/AndroidManifest.xml:46:21-70
26
27            <data android:mimeType="text/plain" />
27-->src/main/AndroidManifest.xml:47:13-50
27-->src/main/AndroidManifest.xml:47:19-48
28        </intent>
29    </queries>
30
31    <uses-permission android:name="android.permission.ACCESS_NETWORK_STATE" />
31-->[com.google.android.exoplayer:exoplayer-core:2.17.1] AndroidManifest.xml:24:5-79
31-->[com.google.android.exoplayer:exoplayer-core:2.17.1] AndroidManifest.xml:24:22-76
32
33    <permission
33-->[androidx.core:core:1.13.1] AndroidManifest.xml:22:5-24:47
34        android:name="com.example.sound_class.DYNAMIC_RECEIVER_NOT_EXPORTED_PERMISSION"
34-->[androidx.core:core:1.13.1] AndroidManifest.xml:23:9-81
35        android:protectionLevel="signature" />
35-->[androidx.core:core:1.13.1] AndroidManifest.xml:24:9-44
36
37    <uses-permission android:name="com.example.sound_class.DYNAMIC_RECEIVER_NOT_EXPORTED_PERMISSION" />
37-->[androidx.core:core:1.13.1] AndroidManifest.xml:26:5-97
37-->[androidx.core:core:1.13.1] AndroidManifest.xml:26:22-94
38
39    <application
40        android:name="android.app.Application"
40-->src/main/AndroidManifest.xml:9:9-42
41        android:appComponentFactory="androidx.core.app.CoreComponentFactory"
41-->[androidx.core:core:1.13.1] AndroidManifest.xml:28:18-86
42        android:extractNativeLibs="false"
43        android:icon="@mipmap/ic_launcher"
43-->src/main/AndroidManifest.xml:10:9-43
44        android:label="sound_class" >
44-->src/main/AndroidManifest.xml:8:9-36
45        <activity
45-->src/main/AndroidManifest.xml:11:9-32:20
46            android:name="com.example.sound_class.MainActivity"
46-->src/main/AndroidManifest.xml:12:13-41
47            android:configChanges="orientation|keyboardHidden|keyboard|screenSize|smallestScreenSize|locale|layoutDirection|fontScale|screenLayout|density|uiMode"
47-->src/main/AndroidManifest.xml:17:13-163
48            android:exported="true"
48-->src/main/AndroidManifest.xml:13:13-36
49            android:hardwareAccelerated="true"
49-->src/main/AndroidManifest.xml:18:13-47
50            android:launchMode="singleTop"
50-->src/main/AndroidManifest.xml:14:13-43
51            android:taskAffinity=""
51-->src/main/AndroidManifest.xml:15:13-36
52            android:theme="@style/LaunchTheme"
52-->src/main/AndroidManifest.xml:16:13-47
53            android:windowSoftInputMode="adjustResize" >
53-->src/main/AndroidManifest.xml:19:13-55
54
55            <!--
56                 Specifies an Android theme to apply to this Activity as soon as
57                 the Android process has started. This theme is visible to the user
58                 while the Flutter UI initializes. After that, this theme continues
59                 to determine the Window background behind the Flutter UI.
60            -->
61            <meta-data
61-->src/main/AndroidManifest.xml:24:13-27:17
62                android:name="io.flutter.embedding.android.NormalTheme"
62-->src/main/AndroidManifest.xml:25:15-70
63                android:resource="@style/NormalTheme" />
63-->src/main/AndroidManifest.xml:26:15-52
64
65            <intent-filter>
65-->src/main/AndroidManifest.xml:28:13-31:29
66                <action android:name="android.intent.action.MAIN" />
66-->src/main/AndroidManifest.xml:29:17-68
66-->src/main/AndroidManifest.xml:29:25-66
67
68                <category android:name="android.intent.category.LAUNCHER" />
68-->src/main/AndroidManifest.xml:30:17-76
68-->src/main/AndroidManifest.xml:30:27-74
69            </intent-filter>
70        </activity>
71        <!--
72             Don't delete the meta-data below.
73             This is used by the Flutter tool to generate GeneratedPluginRegistrant.java
74        -->
75        <meta-data
75-->src/main/AndroidManifest.xml:35:9-37:33
76            android:name="flutterEmbedding"
76-->src/main/AndroidManifest.xml:36:13-44
77            android:value="2" />
77-->src/main/AndroidManifest.xml:37:13-30
78
79        <uses-library
79-->[androidx.window:window:1.2.0] AndroidManifest.xml:23:9-25:40
80            android:name="androidx.window.extensions"
80-->[androidx.window:window:1.2.0] AndroidManifest.xml:24:13-54
81            android:required="false" />
81-->[androidx.window:window:1.2.0] AndroidManifest.xml:25:13-37
82        <uses-library
82-->[androidx.window:window:1.2.0] AndroidManifest.xml:26:9-28:40
83            android:name="androidx.window.sidecar"
83-->[androidx.window:window:1.2.0] AndroidManifest.xml:27:13-51
84            android:required="false" />
84-->[androidx.window:window:1.2.0] AndroidManifest.xml:28:13-37
85
86        <provider
86-->[androidx.lifecycle:lifecycle-process:2.7.0] AndroidManifest.xml:24:9-32:20
87            android:name="androidx.startup.InitializationProvider"
87-->[androidx.lifecycle:lifecycle-process:2.7.0] AndroidManifest.xml:25:13-67
88            android:authorities="com.example.sound_class.androidx-startup"
88-->[androidx.lifecycle:lifecycle-process:2.7.0] AndroidManifest.xml:26:13-68
89            android:exported="false" >
89-->[androidx.lifecycle:lifecycle-process:2.7.0] AndroidManifest.xml:27:13-37
90            <meta-data
90-->[androidx.lifecycle:lifecycle-process:2.7.0] AndroidManifest.xml:29:13-31:52
91                android:name="androidx.lifecycle.ProcessLifecycleInitializer"
91-->[androidx.lifecycle:lifecycle-process:2.7.0] AndroidManifest.xml:30:17-78
92                android:value="androidx.startup" />
92-->[androidx.lifecycle:lifecycle-process:2.7.0] AndroidManifest.xml:31:17-49
93            <meta-data
93-->[androidx.profileinstaller:profileinstaller:1.3.1] AndroidManifest.xml:29:13-31:52
94                android:name="androidx.profileinstaller.ProfileInstallerInitializer"
94-->[androidx.profileinstaller:profileinstaller:1.3.1] AndroidManifest.xml:30:17-85
95                android:value="androidx.startup" />
95-->[androidx.profileinstaller:profileinstaller:1.3.1] AndroidManifest.xml:31:17-49
96        </provider>
97
98        <receiver
98-->[androidx.profileinstaller:profileinstaller:1.3.1] AndroidManifest.xml:34:9-52:20
99            android:name="androidx.profileinstaller.ProfileInstallReceiver"
99-->[androidx.profileinstaller:profileinstaller:1.3.1] AndroidManifest.xml:35:13-76
100            android:directBootAware="false"
100-->[androidx.profileinstaller:profileinstaller:1.3.1] AndroidManifest.xml:36:13-44
101            android:enabled="true"
101-->[androidx.profileinstaller:profileinstaller:1.3.1] AndroidManifest.xml:37:13-35
102            android:exported="true"
102-->[androidx.profileinstaller:profileinstaller:1.3.1] AndroidManifest.xml:38:13-36
103            android:permission="android.permission.DUMP" >
103-->[androidx.profileinstaller:profileinstaller:1.3.1] AndroidManifest.xml:39:13-57
104            <intent-filter>
104-->[androidx.profileinstaller:profileinstaller:1.3.1] AndroidManifest.xml:40:13-42:29
105                <action android:name="androidx.profileinstaller.action.INSTALL_PROFILE" />
105-->[androidx.profileinstaller:profileinstaller:1.3.1] AndroidManifest.xml:41:17-91
105-->[androidx.profileinstaller:profileinstaller:1.3.1] AndroidManifest.xml:41:25-88
106            </intent-filter>
107            <intent-filter>
107-->[androidx.profileinstaller:profileinstaller:1.3.1] AndroidManifest.xml:43:13-45:29
108                <action android:name="androidx.profileinstaller.action.SKIP_FILE" />
108-->[androidx.profileinstaller:profileinstaller:1.3.1] AndroidManifest.xml:44:17-85
108-->[androidx.profileinstaller:profileinstaller:1.3.1] AndroidManifest.xml:44:25-82
109            </intent-filter>
110            <intent-filter>
110-->[androidx.profileinstaller:profileinstaller:1.3.1] AndroidManifest.xml:46:13-48:29
111                <action android:name="androidx.profileinstaller.action.SAVE_PROFILE" />
111-->[androidx.profileinstaller:profileinstaller:1.3.1] AndroidManifest.xml:47:17-88
111-->[androidx.profileinstaller:profileinstaller:1.3.1] AndroidManifest.xml:47:25-85
112            </intent-filter>
113            <intent-filter>
113-->[androidx.profileinstaller:profileinstaller:1.3.1] AndroidManifest.xml:49:13-51:29
114                <action android:name="androidx.profileinstaller.action.BENCHMARK_OPERATION" />
114-->[androidx.profileinstaller:profileinstaller:1.3.1] AndroidManifest.xml:50:17-95
114-->[androidx.profileinstaller:profileinstaller:1.3.1] AndroidManifest.xml:50:25-92
115            </intent-filter>
116        </receiver>
117    </application>
118
119</manifest>